[2017/5/19 10:18:47]: 获取到5条新任务！
[2017/5/19 10:18:47]: 任务获取成功，名称：温暖  频率：音乐广播
[2017/5/19 10:18:47]: 音频下载成功！
[2017/5/19 10:18:47]: 导出成功
[2017/5/19 10:18:47]: 删除任务成功
	
[2017/5/19 10:18:47]: 任务获取成功，名称：乡愁四韵  频率：音乐广播
[2017/5/19 10:18:47]: 音频下载成功！
[2017/5/19 10:18:47]: 导出成功
[2017/5/19 10:18:48]: 删除任务成功
	
[2017/5/19 10:18:48]: 任务获取成功，名称：自由remix  频率：音乐广播
[2017/5/19 10:18:48]: 音频下载成功！
[2017/5/19 10:18:48]: 导出成功
[2017/5/19 10:18:48]: 删除任务成功
	
[2017/5/19 10:18:48]: 任务获取成功，名称：愁与别离时  频率：音乐广播
[2017/5/19 10:18:48]: 音频下载成功！
[2017/5/19 10:18:48]: 导出成功
[2017/5/19 10:18:48]: 删除任务成功
	
[2017/5/19 10:18:48]: 任务获取成功，名称：传奇  频率：音乐广播
[2017/5/19 10:18:48]: 音频下载成功！
[2017/5/19 10:18:48]: 导出成功
[2017/5/19 10:18:48]: 删除任务成功
	
[2017/5/19 10:18:49]: 获取到5条新任务！
[2017/5/19 10:18:49]: 任务获取成功，名称：8  频率：音乐广播
[2017/5/19 10:18:49]: 音频下载成功！
[2017/5/19 10:18:49]: 导出成功
[2017/5/19 10:18:49]: 删除任务成功
	
[2017/5/19 10:18:49]: 任务获取成功，名称：e  频率：音乐广播
[2017/5/19 10:18:49]: 音频下载成功！
[2017/5/19 10:18:49]: 导出成功
[2017/5/19 10:18:49]: 删除任务成功
	
[2017/5/19 10:18:49]: 任务获取成功，名称：鬼吹灯第2卷-龙岭迷窟_021  频率：音乐广播
[2017/5/19 10:18:50]: 音频下载成功！
[2017/5/19 10:18:50]: 导出成功
[2017/5/19 10:18:50]: 删除任务成功
	
[2017/5/19 10:18:50]: 任务获取成功，名称：激雨  频率：音乐广播
[2017/5/19 10:18:50]: 音频下载成功！
[2017/5/19 10:18:50]: 导出成功
[2017/5/19 10:18:50]: 删除任务成功
	
[2017/5/19 10:18:50]: 任务获取成功，名称：八月照相馆  频率：音乐广播
[2017/5/19 10:18:50]: 音频下载成功！
[2017/5/19 10:18:50]: 导出成功
[2017/5/19 10:18:50]: 删除任务成功
	
[2017/5/19 10:18:51]: 获取到5条新任务！
[2017/5/19 10:18:51]: 任务获取成功，名称：鬼吹灯第2卷-龙岭迷窟_031  频率：音乐广播
[2017/5/19 10:18:51]: 音频下载成功！
[2017/5/19 10:18:51]: 导出成功
[2017/5/19 10:18:51]: 删除任务成功
	
[2017/5/19 10:18:51]: 任务获取成功，名称：龙岭迷窟_028  类型 ：制作素材
[2017/5/19 10:18:52]: 音频下载成功！
[2017/5/19 10:18:52]: 导出成功
[2017/5/19 10:18:52]: 删除任务成功
	
[2017/5/19 10:18:52]: 任务获取成功，名称：快乐魔方  类型 ：制作素材
[2017/5/19 10:18:52]: 音频下载成功！
[2017/5/19 10:18:52]: 导出成功
[2017/5/19 10:18:52]: 删除任务成功
	
[2017/5/19 10:18:52]: 任务获取成功，名称：畅通心情  类型 ：制作素材
[2017/5/19 10:18:52]: 音频下载成功！
[2017/5/19 10:18:52]: 导出成功
[2017/5/19 10:18:52]: 删除任务成功
	
[2017/5/19 10:18:52]: 任务获取成功，名称：欢乐时光  类型 ：制作素材
[2017/5/19 10:18:53]: 音频下载失败,错误信息：Modifier is required for this FTP command.
	
[2017/5/19 10:18:54]: 获取到5条新任务！
[2017/5/19 10:18:54]: 任务获取成功，名称：2  类型 ：制作素材
[2017/5/19 10:18:54]: 音频下载失败,错误信息：Request: RETR XStudio/ZZSCK20170320145846/ZZLB-CPQ20170320150033/5b3ec97e-8098-427a-9630-ce8b43b04ff5.s48
Response: 550 /XStudio/ZZSCK20170320145846/ZZLB-CPQ20170320150033/5b3ec97e-8098-427a-9630-ce8b43b04ff5.s48: No such file or directory.

	
[2017/5/19 10:18:54]: 任务获取成功，名称：넘버나인   类型 ：制作素材
[2017/5/19 10:18:54]: 音频下载成功！
[2017/5/19 10:18:54]: 导出成功
[2017/5/19 10:18:54]: 删除任务成功
	
[2017/5/19 10:18:54]: 任务获取成功，名称：1eec8521-d09f-4eb4-accb-8c8f952f26d8  类型 ：制作素材
[2017/5/19 10:18:54]: 音频下载失败,错误信息：Request: RETR XStudio/ZZSCK20170320145846/ZZLB-CPQ20170320150033/98f7798a-8ca6-47e6-b724-9bc8fa022b32.s48
Response: 550 /XStudio/ZZSCK20170320145846/ZZLB-CPQ20170320150033/98f7798a-8ca6-47e6-b724-9bc8fa022b32.s48: No such file or directory.

	
[2017/5/19 10:18:54]: 任务获取成功，名称：a  类型 ：制作素材
[2017/5/19 10:18:54]: 音频下载成功！
[2017/5/19 10:18:54]: 导出成功
[2017/5/19 10:18:54]: 删除任务成功
	
[2017/5/19 10:18:54]: 任务获取成功，名称：2  类型 ：制作素材
[2017/5/19 10:18:54]: 音频下载失败,错误信息：Request: RETR XStudio/ZZSCK20170320145846/ZZLB-CPQ20170320150033/46f85833-b536-4568-ae60-4a2baf8a0acb.s48
Response: 550 /XStudio/ZZSCK20170320145846/ZZLB-CPQ20170320150033/46f85833-b536-4568-ae60-4a2baf8a0acb.s48: No such file or directory.

	
[2017/5/19 10:18:55]: 获取到2条新任务！
[2017/5/19 10:18:55]: 任务获取成功，名称：读书时间  类型 ：制作素材
[2017/5/19 10:18:56]: 音频下载成功！
[2017/5/19 10:18:56]: 导出成功
[2017/5/19 10:18:56]: 删除任务成功
	
[2017/5/19 10:18:56]: 任务获取成功，名称：鬼吹灯第2卷-龙岭迷窟_031  类型 ：制作素材
[2017/5/19 10:18:56]: 音频下载成功！
[2017/5/19 10:18:56]: 导出成功
[2017/5/19 10:18:56]: 删除任务成功
	
[2017/5/19 10:18:57]: 未获取到新任务！
[2017/5/19 10:20:24]: 获取到4条新任务！
[2017/5/19 10:20:24]: 任务获取成功，名称：2  类型 ：制作素材
[2017/5/19 10:20:25]: 音频下载失败,错误信息：Request: RETR XStudio/ZZSCK20170320145846/ZZLB-CPQ20170320150033/5b3ec97e-8098-427a-9630-ce8b43b04ff5.s48
Response: 550 /XStudio/ZZSCK20170320145846/ZZLB-CPQ20170320150033/5b3ec97e-8098-427a-9630-ce8b43b04ff5.s48: No such file or directory.

	
[2017/5/19 10:20:25]: 任务获取成功，名称：欢乐时光  类型 ：制作素材
[2017/5/19 10:20:25]: 音频下载失败,错误信息：Modifier is required for this FTP command.
	
[2017/5/19 10:20:25]: 任务获取成功，名称：1eec8521-d09f-4eb4-accb-8c8f952f26d8  类型 ：制作素材
[2017/5/19 10:20:25]: 音频下载失败,错误信息：Request: RETR XStudio/ZZSCK20170320145846/ZZLB-CPQ20170320150033/98f7798a-8ca6-47e6-b724-9bc8fa022b32.s48
Response: 550 /XStudio/ZZSCK20170320145846/ZZLB-CPQ20170320150033/98f7798a-8ca6-47e6-b724-9bc8fa022b32.s48: No such file or directory.

	
[2017/5/19 10:20:25]: 任务获取成功，名称：2  类型 ：制作素材
[2017/5/19 10:20:25]: 音频下载失败,错误信息：Request: RETR XStudio/ZZSCK20170320145846/ZZLB-CPQ20170320150033/46f85833-b536-4568-ae60-4a2baf8a0acb.s48
Response: 550 /XStudio/ZZSCK20170320145846/ZZLB-CPQ20170320150033/46f85833-b536-4568-ae60-4a2baf8a0acb.s48: No such file or directory.

	
[2017/5/19 10:20:26]: 未获取到新任务！
[2017/5/19 10:20:51]: 获取到4条新任务！
[2017/5/19 10:20:51]: 任务获取成功，名称：2  类型 ：制作素材
[2017/5/19 10:20:51]: 音频下载失败,错误信息：Request: RETR XStudio/ZZSCK20170320145846/ZZLB-CPQ20170320150033/5b3ec97e-8098-427a-9630-ce8b43b04ff5.s48
Response: 550 /XStudio/ZZSCK20170320145846/ZZLB-CPQ20170320150033/5b3ec97e-8098-427a-9630-ce8b43b04ff5.s48: No such file or directory.

	
[2017/5/19 10:20:51]: 任务获取成功，名称：欢乐时光  类型 ：制作素材
[2017/5/19 10:20:51]: 音频下载失败,错误信息：Modifier is required for this FTP command.
	
[2017/5/19 10:20:51]: 任务获取成功，名称：1eec8521-d09f-4eb4-accb-8c8f952f26d8  类型 ：制作素材
[2017/5/19 10:20:51]: 音频下载失败,错误信息：Request: RETR XStudio/ZZSCK20170320145846/ZZLB-CPQ20170320150033/98f7798a-8ca6-47e6-b724-9bc8fa022b32.s48
Response: 550 /XStudio/ZZSCK20170320145846/ZZLB-CPQ20170320150033/98f7798a-8ca6-47e6-b724-9bc8fa022b32.s48: No such file or directory.

	
[2017/5/19 10:20:51]: 任务获取成功，名称：2  类型 ：制作素材
[2017/5/19 10:20:51]: 音频下载失败,错误信息：Request: RETR XStudio/ZZSCK20170320145846/ZZLB-CPQ20170320150033/46f85833-b536-4568-ae60-4a2baf8a0acb.s48
Response: 550 /XStudio/ZZSCK20170320145846/ZZLB-CPQ20170320150033/46f85833-b536-4568-ae60-4a2baf8a0acb.s48: No such file or directory.

	
[2017/5/19 10:20:52]: 未获取到新任务！
[2017/5/19 10:26:48]: 未获取到新任务！
[2017/5/19 10:26:59]: 获取到4条新任务！
[2017/5/19 10:26:59]: 任务获取成功，名称：2  类型 ：制作素材
[2017/5/19 10:26:59]: 音频下载失败,错误信息：Request: RETR XStudio/ZZSCK20170320145846/ZZLB-CPQ20170320150033/5b3ec97e-8098-427a-9630-ce8b43b04ff5.s48
Response: 550 /XStudio/ZZSCK20170320145846/ZZLB-CPQ20170320150033/5b3ec97e-8098-427a-9630-ce8b43b04ff5.s48: No such file or directory.

	
[2017/5/19 10:26:59]: 任务获取成功，名称：欢乐时光  类型 ：制作素材
[2017/5/19 10:27:00]: 音频下载失败,错误信息：Modifier is required for this FTP command.
	
[2017/5/19 10:27:00]: 任务获取成功，名称：1eec8521-d09f-4eb4-accb-8c8f952f26d8  类型 ：制作素材
[2017/5/19 10:27:00]: 音频下载失败,错误信息：Request: RETR XStudio/ZZSCK20170320145846/ZZLB-CPQ20170320150033/98f7798a-8ca6-47e6-b724-9bc8fa022b32.s48
Response: 550 /XStudio/ZZSCK20170320145846/ZZLB-CPQ20170320150033/98f7798a-8ca6-47e6-b724-9bc8fa022b32.s48: No such file or directory.

	
[2017/5/19 10:27:00]: 任务获取成功，名称：2  类型 ：制作素材
[2017/5/19 10:27:00]: 音频下载失败,错误信息：Request: RETR XStudio/ZZSCK20170320145846/ZZLB-CPQ20170320150033/46f85833-b536-4568-ae60-4a2baf8a0acb.s48
Response: 550 /XStudio/ZZSCK20170320145846/ZZLB-CPQ20170320150033/46f85833-b536-4568-ae60-4a2baf8a0acb.s48: No such file or directory.

	
[2017/5/19 10:27:01]: 未获取到新任务！
[2017/5/19 10:27:10]: 获取到4条新任务！
[2017/5/19 10:27:10]: 任务获取成功，名称：2  类型 ：制作素材
[2017/5/19 10:27:10]: 音频下载失败,错误信息：Request: RETR XStudio/ZZSCK20170320145846/ZZLB-CPQ20170320150033/5b3ec97e-8098-427a-9630-ce8b43b04ff5.s48
Response: 550 /XStudio/ZZSCK20170320145846/ZZLB-CPQ20170320150033/5b3ec97e-8098-427a-9630-ce8b43b04ff5.s48: No such file or directory.

	
[2017/5/19 10:27:10]: 任务获取成功，名称：欢乐时光  类型 ：制作素材
[2017/5/19 10:27:10]: 音频下载失败,错误信息：Modifier is required for this FTP command.
	
[2017/5/19 10:27:10]: 任务获取成功，名称：1eec8521-d09f-4eb4-accb-8c8f952f26d8  类型 ：制作素材
[2017/5/19 10:27:10]: 音频下载失败,错误信息：Request: RETR XStudio/ZZSCK20170320145846/ZZLB-CPQ20170320150033/98f7798a-8ca6-47e6-b724-9bc8fa022b32.s48
Response: 550 /XStudio/ZZSCK20170320145846/ZZLB-CPQ20170320150033/98f7798a-8ca6-47e6-b724-9bc8fa022b32.s48: No such file or directory.

	
[2017/5/19 10:27:10]: 任务获取成功，名称：2  类型 ：制作素材
[2017/5/19 10:27:10]: 音频下载失败,错误信息：Request: RETR XStudio/ZZSCK20170320145846/ZZLB-CPQ20170320150033/46f85833-b536-4568-ae60-4a2baf8a0acb.s48
Response: 550 /XStudio/ZZSCK20170320145846/ZZLB-CPQ20170320150033/46f85833-b536-4568-ae60-4a2baf8a0acb.s48: No such file or directory.

	
[2017/5/19 10:27:11]: 未获取到新任务！
[2017/5/19 10:36:24]: 获取到5条新任务！
[2017/5/19 10:36:24]: 任务获取成功，名称：乡愁四韵  频率：音乐广播
[2017/5/19 10:36:24]: 音频下载成功！
[2017/5/19 10:36:24]: 导出成功
[2017/5/19 10:36:24]: 删除任务成功
	
[2017/5/19 10:36:24]: 任务获取成功，名称：自由remix  频率：音乐广播
[2017/5/19 10:36:25]: 音频下载成功！
[2017/5/19 10:36:25]: 导出成功
[2017/5/19 10:36:25]: 删除任务成功
	
[2017/5/19 10:36:25]: 任务获取成功，名称：愁与别离时  频率：音乐广播
[2017/5/19 10:36:25]: 音频下载成功！
[2017/5/19 10:36:25]: 导出成功
[2017/5/19 10:36:25]: 删除任务成功
	
[2017/5/19 10:36:25]: 任务获取成功，名称：传奇  频率：音乐广播
[2017/5/19 10:36:25]: 音频下载成功！
[2017/5/19 10:36:25]: 导出成功
[2017/5/19 10:36:25]: 删除任务成功
	
[2017/5/19 10:36:25]: 任务获取成功，名称：8  频率：音乐广播
[2017/5/19 10:36:25]: 音频下载成功！
[2017/5/19 10:36:25]: 导出成功
[2017/5/19 10:36:25]: 删除任务成功
	
[2017/5/19 10:36:26]: 获取到5条新任务！
[2017/5/19 10:36:26]: 任务获取成功，名称：温暖  频率：音乐广播
[2017/5/19 10:36:26]: 音频下载成功！
[2017/5/19 10:36:26]: 导出成功
[2017/5/19 10:36:26]: 删除任务成功
	
[2017/5/19 10:36:26]: 任务获取成功，名称：e  频率：音乐广播
[2017/5/19 10:36:27]: 音频下载成功！
[2017/5/19 10:36:27]: 导出成功
[2017/5/19 10:36:27]: 删除任务成功
	
[2017/5/19 10:36:27]: 任务获取成功，名称：鬼吹灯第2卷-龙岭迷窟_021  频率：音乐广播
[2017/5/19 10:36:27]: 音频下载成功！
[2017/5/19 10:36:27]: 导出成功
[2017/5/19 10:36:27]: 删除任务成功
	
[2017/5/19 10:36:27]: 任务获取成功，名称：激雨  频率：音乐广播
[2017/5/19 10:36:28]: 音频下载成功！
[2017/5/19 10:36:28]: 导出成功
[2017/5/19 10:36:28]: 删除任务成功
	
[2017/5/19 10:36:28]: 任务获取成功，名称：八月照相馆  频率：音乐广播
[2017/5/19 10:36:28]: 音频下载成功！
[2017/5/19 10:36:28]: 导出成功
[2017/5/19 10:36:28]: 删除任务成功
	
[2017/5/19 10:36:29]: 获取到5条新任务！
[2017/5/19 10:36:29]: 任务获取成功，名称：鬼吹灯第2卷-龙岭迷窟_031  频率：音乐广播
[2017/5/19 10:36:29]: 音频下载成功！
[2017/5/19 10:36:29]: 导出成功
[2017/5/19 10:36:29]: 删除任务成功
	
[2017/5/19 10:36:29]: 任务获取成功，名称：畅通心情  类型 ：制作素材
[2017/5/19 10:36:30]: 音频下载成功！
[2017/5/19 10:36:30]: 导出成功
[2017/5/19 10:36:30]: 删除任务成功
	
[2017/5/19 10:36:30]: 任务获取成功，名称：欢乐时光  类型 ：制作素材
[2017/5/19 10:36:30]: 音频下载失败,错误信息：Modifier is required for this FTP command.
	
[2017/5/19 10:36:30]: 任务获取成功，名称：2  类型 ：制作素材
[2017/5/19 10:36:30]: 音频下载失败,错误信息：Request: RETR XStudio/ZZSCK20170320145846/ZZLB-CPQ20170320150033/5b3ec97e-8098-427a-9630-ce8b43b04ff5.s48
Response: 550 /XStudio/ZZSCK20170320145846/ZZLB-CPQ20170320150033/5b3ec97e-8098-427a-9630-ce8b43b04ff5.s48: No such file or directory.

	
[2017/5/19 10:36:30]: 任务获取成功，名称：龙岭迷窟_028  类型 ：制作素材
[2017/5/19 10:36:30]: 音频下载成功！
[2017/5/19 10:36:30]: 导出成功
[2017/5/19 10:36:30]: 删除任务成功
	
[2017/5/19 10:36:31]: 获取到5条新任务！
[2017/5/19 10:36:31]: 任务获取成功，名称：넘버나인   类型 ：制作素材
[2017/5/19 10:36:32]: 音频下载成功！
[2017/5/19 10:36:32]: 导出成功
[2017/5/19 10:36:32]: 删除任务成功
	
[2017/5/19 10:36:32]: 任务获取成功，名称：快乐魔方  类型 ：制作素材
[2017/5/19 10:36:32]: 音频下载成功！
[2017/5/19 10:36:32]: 导出成功
[2017/5/19 10:36:32]: 删除任务成功
	
[2017/5/19 10:36:32]: 任务获取成功，名称：1eec8521-d09f-4eb4-accb-8c8f952f26d8  类型 ：制作素材
[2017/5/19 10:36:32]: 音频下载失败,错误信息：Request: RETR XStudio/ZZSCK20170320145846/ZZLB-CPQ20170320150033/98f7798a-8ca6-47e6-b724-9bc8fa022b32.s48
Response: 550 /XStudio/ZZSCK20170320145846/ZZLB-CPQ20170320150033/98f7798a-8ca6-47e6-b724-9bc8fa022b32.s48: No such file or directory.

	
[2017/5/19 10:36:32]: 任务获取成功，名称：a  类型 ：制作素材
[2017/5/19 10:36:33]: 音频下载成功！
[2017/5/19 10:36:33]: 导出成功
[2017/5/19 10:36:33]: 删除任务成功
	
[2017/5/19 10:36:33]: 任务获取成功，名称：2  类型 ：制作素材
[2017/5/19 10:36:33]: 音频下载失败,错误信息：Request: RETR XStudio/ZZSCK20170320145846/ZZLB-CPQ20170320150033/46f85833-b536-4568-ae60-4a2baf8a0acb.s48
Response: 550 /XStudio/ZZSCK20170320145846/ZZLB-CPQ20170320150033/46f85833-b536-4568-ae60-4a2baf8a0acb.s48: No such file or directory.

	
[2017/5/19 10:36:34]: 获取到2条新任务！
[2017/5/19 10:36:34]: 任务获取成功，名称：读书时间  类型 ：制作素材
[2017/5/19 10:36:34]: 音频下载成功！
[2017/5/19 10:36:34]: 导出成功
[2017/5/19 10:36:34]: 删除任务成功
	
[2017/5/19 10:36:34]: 任务获取成功，名称：鬼吹灯第2卷-龙岭迷窟_031  类型 ：制作素材
[2017/5/19 10:36:35]: 音频下载成功！
[2017/5/19 10:36:35]: 导出成功
[2017/5/19 10:36:35]: 删除任务成功
	
[2017/5/19 10:36:36]: 未获取到新任务！
