[2017/6/7 15:04:38]: 未获取到新任务！
[2017/6/7 15:08:25]: 获取到5条新任务！
[2017/6/7 15:08:25]: 任务获取成功，名称：自由remix  频率：音乐广播
[2017/6/7 15:08:26]: 音频下载成功！
[2017/6/7 15:08:26]: 导出成功
[2017/6/7 15:08:26]: 删除任务成功
	
[2017/6/7 15:08:26]: 任务获取成功，名称：愁与别离时  频率：音乐广播
[2017/6/7 15:08:26]: 音频下载成功！
[2017/6/7 15:08:26]: 导出成功
[2017/6/7 15:08:26]: 删除任务成功
	
[2017/6/7 15:08:26]: 任务获取成功，名称：传奇  频率：音乐广播
[2017/6/7 15:08:26]: 音频下载成功！
[2017/6/7 15:08:26]: 导出成功
[2017/6/7 15:08:26]: 删除任务成功
	
[2017/6/7 15:08:26]: 任务获取成功，名称：鬼吹灯第2卷-龙岭迷窟_021  频率：音乐广播
[2017/6/7 15:08:26]: 音频下载失败,错误信息：Request: RETR Air5_1/201703/Programset{5e67791e-2a57-48e3-b883-085d10dec828}.s48
Response: 550 /Air5_1/201703/Programset{5e67791e-2a57-48e3-b883-085d10dec828}.s48: No such file or directory.

	
[2017/6/7 15:08:27]: 任务获取成功，名称：激雨  频率：音乐广播
[2017/6/7 15:08:27]: 音频下载成功！
[2017/6/7 15:08:27]: 导出成功
[2017/6/7 15:08:27]: 删除任务成功
	
[2017/6/7 15:08:28]: 获取到5条新任务！
[2017/6/7 15:08:28]: 任务获取成功，名称：8  频率：音乐广播
[2017/6/7 15:08:28]: 音频下载成功！
[2017/6/7 15:08:28]: 导出成功
[2017/6/7 15:08:28]: 删除任务成功
	
[2017/6/7 15:08:28]: 任务获取成功，名称：温暖  频率：音乐广播
[2017/6/7 15:08:28]: 音频下载成功！
[2017/6/7 15:08:28]: 导出成功
[2017/6/7 15:08:28]: 删除任务成功
	
[2017/6/7 15:08:28]: 任务获取成功，名称：乡愁四韵  频率：音乐广播
[2017/6/7 15:08:28]: 音频下载成功！
[2017/6/7 15:08:28]: 导出成功
[2017/6/7 15:08:28]: 删除任务成功
	
[2017/6/7 15:08:28]: 任务获取成功，名称：八月照相馆  频率：音乐广播
[2017/6/7 15:08:28]: 音频下载成功！
[2017/6/7 15:08:28]: 导出成功
[2017/6/7 15:08:28]: 删除任务成功
	
[2017/6/7 15:08:28]: 任务获取成功，名称：e  频率：音乐广播
[2017/6/7 15:08:29]: 音频下载成功！
[2017/6/7 15:08:29]: 导出成功
[2017/6/7 15:08:29]: 删除任务成功
	
[2017/6/7 15:08:30]: 获取到5条新任务！
[2017/6/7 15:08:30]: 任务获取成功，名称：鬼吹灯第2卷-龙岭迷窟_031  频率：音乐广播
[2017/6/7 15:08:30]: 音频下载失败,错误信息：Request: RETR Air5_1/201703/Programset{e37ecbaf-7576-48ca-9c0c-05f1c03536d1}.s48
Response: 550 /Air5_1/201703/Programset{e37ecbaf-7576-48ca-9c0c-05f1c03536d1}.s48: No such file or directory.

	
[2017/6/7 15:08:30]: 任务获取成功，名称：民国英烈001  类型 ：制作素材
[2017/6/7 15:08:31]: 音频下载成功！
[2017/6/7 15:08:31]: 导出成功
[2017/6/7 15:08:31]: 删除任务成功
	
[2017/6/7 15:08:32]: 任务获取成功，名称：2  类型 ：制作素材
[2017/6/7 15:08:32]: 音频下载成功！
[2017/6/7 15:08:32]: 导出成功
[2017/6/7 15:08:33]: 删除任务成功
	
[2017/6/7 15:08:33]: 任务获取成功，名称：快乐魔方  类型 ：制作素材
[2017/6/7 15:08:34]: 音频下载成功！
[2017/6/7 15:08:34]: 导出成功
[2017/6/7 15:08:34]: 删除任务成功
	
[2017/6/7 15:08:35]: 获取到5条新任务！
[2017/6/7 15:08:35]: 任务获取成功，名称：民国英烈_002  类型 ：制作素材
[2017/6/7 15:08:36]: 音频下载成功！
[2017/6/7 15:08:36]: 导出成功
[2017/6/7 15:08:36]: 删除任务成功
	
[2017/6/7 15:08:36]: 任务获取成功，名称：畅通心情  类型 ：制作素材
[2017/6/7 15:08:37]: 音频下载成功！
[2017/6/7 15:08:37]: 导出成功
[2017/6/7 15:08:37]: 删除任务成功
	
[2017/6/7 15:08:38]: 任务获取成功，名称：넘버나인   类型 ：制作素材
[2017/6/7 15:08:38]: 音频下载成功！
[2017/6/7 15:08:38]: 导出成功
[2017/6/7 15:08:38]: 删除任务成功
	
[2017/6/7 15:08:38]: 任务获取成功，名称：龙岭迷窟_028  类型 ：制作素材
[2017/6/7 15:08:39]: 音频下载成功！
[2017/6/7 15:08:39]: 导出成功
[2017/6/7 15:08:40]: 删除任务成功
	
[2017/6/7 15:08:41]: 获取到4条新任务！
[2017/6/7 15:08:41]: 任务获取成功，名称：读书时间  类型 ：制作素材
[2017/6/7 15:08:41]: 音频下载成功！
[2017/6/7 15:08:41]: 导出成功
[2017/6/7 15:08:41]: 删除任务成功
	
[2017/6/7 15:08:42]: 任务获取成功，名称：民国英烈_003  类型 ：制作素材
[2017/6/7 15:08:43]: 音频下载成功！
[2017/6/7 15:08:43]: 导出成功
[2017/6/7 15:08:43]: 删除任务成功
	
[2017/6/7 15:08:43]: 任务获取成功，名称：鬼吹灯第2卷-龙岭迷窟_031  类型 ：制作素材
[2017/6/7 15:08:44]: 音频下载成功！
[2017/6/7 15:08:44]: 导出成功
[2017/6/7 15:08:44]: 删除任务成功
	
[2017/6/7 15:08:45]: 获取到1条新任务！
[2017/6/7 15:08:46]: 获取到1条新任务！
[2017/6/7 15:08:47]: 获取到1条新任务！
[2017/6/7 15:08:48]: 获取到1条新任务！
[2017/6/7 15:08:49]: 获取到1条新任务！
[2017/6/7 15:08:50]: 获取到1条新任务！
[2017/6/7 15:08:51]: 获取到1条新任务！
[2017/6/7 15:08:52]: 获取到1条新任务！
[2017/6/7 15:08:53]: 获取到1条新任务！
[2017/6/7 15:08:54]: 获取到1条新任务！
[2017/6/7 15:08:55]: 获取到1条新任务！
[2017/6/7 15:08:56]: 获取到1条新任务！
[2017/6/7 15:08:57]: 获取到1条新任务！
[2017/6/7 15:08:58]: 获取到1条新任务！
[2017/6/7 15:08:59]: 获取到1条新任务！
[2017/6/7 15:09:01]: 获取到1条新任务！
[2017/6/7 15:09:02]: 获取到1条新任务！
[2017/6/7 15:09:03]: 获取到1条新任务！
[2017/6/7 15:09:04]: 获取到1条新任务！
[2017/6/7 15:09:05]: 获取到1条新任务！
[2017/6/7 15:09:06]: 获取到1条新任务！
[2017/6/7 15:09:07]: 获取到1条新任务！
[2017/6/7 15:09:08]: 获取到1条新任务！
[2017/6/7 15:09:09]: 获取到1条新任务！
[2017/6/7 15:09:10]: 获取到1条新任务！
[2017/6/7 15:09:11]: 获取到1条新任务！
[2017/6/7 15:09:12]: 获取到1条新任务！
[2017/6/7 15:09:13]: 获取到1条新任务！
[2017/6/7 15:09:14]: 获取到1条新任务！
[2017/6/7 15:09:15]: 获取到1条新任务！
[2017/6/7 15:09:16]: 获取到1条新任务！
[2017/6/7 15:09:17]: 获取到1条新任务！
[2017/6/7 15:09:18]: 获取到1条新任务！
[2017/6/7 15:09:19]: 获取到1条新任务！
[2017/6/7 15:09:20]: 获取到1条新任务！
[2017/6/7 15:09:21]: 获取到1条新任务！
[2017/6/7 15:09:22]: 获取到1条新任务！
[2017/6/7 15:09:23]: 获取到1条新任务！
[2017/6/7 15:09:25]: 获取到1条新任务！
[2017/6/7 15:09:26]: 获取到1条新任务！
[2017/6/7 15:09:27]: 获取到1条新任务！
[2017/6/7 15:09:28]: 获取到1条新任务！
[2017/6/7 15:09:29]: 获取到1条新任务！
[2017/6/7 15:09:30]: 获取到1条新任务！
[2017/6/7 15:09:31]: 获取到1条新任务！
[2017/6/7 15:09:32]: 获取到1条新任务！
[2017/6/7 15:09:33]: 获取到1条新任务！
[2017/6/7 15:09:34]: 获取到1条新任务！
[2017/6/7 15:09:35]: 获取到1条新任务！
[2017/6/7 15:09:36]: 获取到1条新任务！
[2017/6/7 15:09:37]: 获取到1条新任务！
[2017/6/7 15:09:38]: 获取到1条新任务！
[2017/6/7 15:09:39]: 获取到1条新任务！
[2017/6/7 15:09:40]: 获取到1条新任务！
[2017/6/7 15:09:41]: 获取到1条新任务！
[2017/6/7 15:09:42]: 获取到1条新任务！
[2017/6/7 15:09:43]: 获取到1条新任务！
[2017/6/7 15:09:44]: 获取到1条新任务！
[2017/6/7 15:09:45]: 获取到1条新任务！
[2017/6/7 15:09:46]: 获取到1条新任务！
[2017/6/7 15:09:47]: 获取到1条新任务！
[2017/6/7 15:09:48]: 获取到1条新任务！
[2017/6/7 15:09:49]: 获取到1条新任务！
[2017/6/7 15:09:50]: 获取到1条新任务！
[2017/6/7 15:09:52]: 获取到1条新任务！
[2017/6/7 15:09:53]: 获取到1条新任务！
[2017/6/7 15:09:54]: 获取到1条新任务！
[2017/6/7 15:09:55]: 获取到1条新任务！
[2017/6/7 15:09:56]: 获取到1条新任务！
[2017/6/7 15:09:57]: 获取到1条新任务！
[2017/6/7 15:09:58]: 获取到1条新任务！
[2017/6/7 15:09:59]: 获取到1条新任务！
[2017/6/7 15:10:00]: 获取到1条新任务！
[2017/6/7 15:10:01]: 获取到1条新任务！
[2017/6/7 15:10:02]: 获取到1条新任务！
[2017/6/7 15:10:03]: 获取到1条新任务！
[2017/6/7 15:10:04]: 获取到1条新任务！
[2017/6/7 15:10:05]: 获取到1条新任务！
[2017/6/7 15:10:06]: 获取到1条新任务！
[2017/6/7 15:10:07]: 获取到1条新任务！
[2017/6/7 15:10:08]: 获取到1条新任务！
[2017/6/7 15:10:09]: 获取到1条新任务！
[2017/6/7 15:10:10]: 获取到1条新任务！
[2017/6/7 15:10:11]: 获取到1条新任务！
[2017/6/7 15:10:12]: 获取到1条新任务！
[2017/6/7 15:10:13]: 获取到1条新任务！
[2017/6/7 15:10:14]: 获取到1条新任务！
[2017/6/7 15:10:15]: 获取到1条新任务！
[2017/6/7 15:10:16]: 获取到1条新任务！
[2017/6/7 15:10:17]: 获取到1条新任务！
[2017/6/7 15:10:18]: 获取到1条新任务！
[2017/6/7 15:10:19]: 获取到1条新任务！
[2017/6/7 15:10:20]: 获取到1条新任务！
[2017/6/7 15:10:21]: 获取到1条新任务！
[2017/6/7 15:10:22]: 获取到1条新任务！
[2017/6/7 15:10:24]: 获取到1条新任务！
[2017/6/7 15:10:25]: 获取到1条新任务！
[2017/6/7 15:10:26]: 获取到1条新任务！
[2017/6/7 15:10:27]: 获取到1条新任务！
[2017/6/7 15:10:28]: 获取到1条新任务！
[2017/6/7 15:10:29]: 获取到1条新任务！
[2017/6/7 15:10:30]: 获取到1条新任务！
[2017/6/7 15:10:31]: 获取到1条新任务！
[2017/6/7 15:10:32]: 获取到1条新任务！
[2017/6/7 15:10:33]: 获取到1条新任务！
[2017/6/7 15:10:34]: 获取到1条新任务！
[2017/6/7 15:10:35]: 获取到1条新任务！
[2017/6/7 15:10:36]: 获取到1条新任务！
[2017/6/7 15:10:37]: 获取到1条新任务！
[2017/6/7 15:10:38]: 获取到1条新任务！
[2017/6/7 15:10:39]: 获取到1条新任务！
[2017/6/7 15:10:40]: 获取到1条新任务！
[2017/6/7 15:10:41]: 获取到1条新任务！
[2017/6/7 15:10:42]: 获取到1条新任务！
[2017/6/7 15:10:43]: 获取到1条新任务！
[2017/6/7 15:10:44]: 获取到1条新任务！
[2017/6/7 15:10:45]: 获取到1条新任务！
[2017/6/7 15:10:46]: 获取到1条新任务！
[2017/6/7 15:10:47]: 获取到1条新任务！
[2017/6/7 15:10:48]: 获取到1条新任务！
[2017/6/7 15:10:49]: 获取到1条新任务！
[2017/6/7 15:10:50]: 获取到1条新任务！
[2017/6/7 15:10:51]: 获取到1条新任务！
[2017/6/7 15:10:53]: 获取到1条新任务！
[2017/6/7 15:10:54]: 获取到1条新任务！
[2017/6/7 15:10:55]: 获取到1条新任务！
[2017/6/7 15:10:56]: 获取到1条新任务！
[2017/6/7 15:10:57]: 获取到1条新任务！
[2017/6/7 15:10:58]: 获取到1条新任务！
[2017/6/7 15:10:59]: 获取到1条新任务！
[2017/6/7 15:11:00]: 获取到1条新任务！
[2017/6/7 15:11:01]: 获取到1条新任务！
[2017/6/7 15:11:02]: 获取到1条新任务！
[2017/6/7 15:11:03]: 获取到1条新任务！
[2017/6/7 15:11:04]: 获取到1条新任务！
[2017/6/7 15:11:05]: 获取到1条新任务！
[2017/6/7 15:11:06]: 获取到1条新任务！
[2017/6/7 15:11:07]: 获取到1条新任务！
[2017/6/7 15:11:08]: 获取到1条新任务！
[2017/6/7 15:11:09]: 获取到1条新任务！
[2017/6/7 15:11:10]: 获取到1条新任务！
[2017/6/7 15:11:11]: 获取到1条新任务！
[2017/6/7 15:11:12]: 获取到1条新任务！
[2017/6/7 15:11:13]: 获取到1条新任务！
[2017/6/7 15:11:14]: 获取到1条新任务！
[2017/6/7 15:11:15]: 获取到1条新任务！
[2017/6/7 15:11:16]: 获取到1条新任务！
[2017/6/7 15:11:17]: 获取到1条新任务！
[2017/6/7 15:11:18]: 获取到1条新任务！
[2017/6/7 15:11:19]: 获取到1条新任务！
[2017/6/7 15:11:21]: 获取到1条新任务！
[2017/6/7 15:11:22]: 获取到1条新任务！
[2017/6/7 15:11:23]: 获取到1条新任务！
[2017/6/7 15:11:24]: 获取到1条新任务！
[2017/6/7 15:11:25]: 获取到1条新任务！
[2017/6/7 15:11:26]: 获取到1条新任务！
[2017/6/7 15:11:27]: 获取到1条新任务！
[2017/6/7 15:11:28]: 获取到1条新任务！
[2017/6/7 15:11:29]: 获取到1条新任务！
[2017/6/7 15:11:30]: 获取到1条新任务！
[2017/6/7 15:11:31]: 获取到1条新任务！
[2017/6/7 15:11:32]: 获取到1条新任务！
[2017/6/7 15:11:33]: 获取到1条新任务！
[2017/6/7 15:11:34]: 获取到1条新任务！
[2017/6/7 15:11:35]: 获取到1条新任务！
[2017/6/7 15:11:36]: 获取到1条新任务！
[2017/6/7 15:11:37]: 获取到1条新任务！
[2017/6/7 15:11:38]: 获取到1条新任务！
[2017/6/7 15:11:39]: 获取到1条新任务！
[2017/6/7 15:11:40]: 获取到1条新任务！
[2017/6/7 15:11:41]: 获取到1条新任务！
[2017/6/7 15:11:42]: 获取到1条新任务！
[2017/6/7 15:11:43]: 获取到1条新任务！
[2017/6/7 15:11:44]: 获取到1条新任务！
[2017/6/7 15:11:45]: 获取到1条新任务！
[2017/6/7 15:11:46]: 获取到1条新任务！
[2017/6/7 15:11:47]: 获取到1条新任务！
[2017/6/7 15:11:48]: 获取到1条新任务！
[2017/6/7 15:11:49]: 获取到1条新任务！
[2017/6/7 15:11:50]: 获取到1条新任务！
[2017/6/7 15:11:52]: 获取到1条新任务！
[2017/6/7 15:11:53]: 获取到1条新任务！
[2017/6/7 15:11:54]: 获取到1条新任务！
[2017/6/7 15:11:55]: 获取到1条新任务！
[2017/6/7 15:11:56]: 获取到1条新任务！
[2017/6/7 15:11:57]: 获取到1条新任务！
[2017/6/7 15:11:58]: 获取到1条新任务！
[2017/6/7 15:11:59]: 获取到1条新任务！
