[2017/9/22 10:18:10]: 频率：《公共库》 共有59条数据需要导出（FileDate：2017/9/13 15:01:21）
[2017/9/22 10:18:11]: 频率：《音乐广播》 共有0条数据需要导出（FileDate：2017/9/13 14:33:26）
[2017/9/22 10:18:12]: 频率：《公共库》 共有0条数据需要导出（FileDate：2017/9/19 16:50:28）
[2017/9/22 10:18:12]: 频率：《音乐广播》 共有0条数据需要导出（FileDate：2017/9/13 14:33:26）
[2017/9/22 10:18:13]: 频率：《公共库》 共有0条数据需要导出（FileDate：2017/9/19 16:50:28）
[2017/9/22 10:18:13]: 频率：《音乐广播》 共有0条数据需要导出（FileDate：2017/9/13 14:33:26）
[2017/9/22 10:18:14]: 频率：《公共库》 共有0条数据需要导出（FileDate：2017/9/19 16:50:28）
[2017/9/22 10:18:14]: 频率：《音乐广播》 共有0条数据需要导出（FileDate：2017/9/13 14:33:26）
[2017/9/22 10:18:15]: 频率：《公共库》 共有0条数据需要导出（FileDate：2017/9/19 16:50:28）
[2017/9/22 10:18:15]: 频率：《音乐广播》 共有0条数据需要导出（FileDate：2017/9/13 14:33:26）
[2017/9/22 10:18:16]: 频率：《公共库》 共有0条数据需要导出（FileDate：2017/9/19 16:50:28）
[2017/9/22 10:18:16]: 频率：《音乐广播》 共有0条数据需要导出（FileDate：2017/9/13 14:33:26）
[2017/9/22 10:18:17]: 频率：《公共库》 共有0条数据需要导出（FileDate：2017/9/19 16:50:28）
[2017/9/22 10:18:17]: 频率：《音乐广播》 共有0条数据需要导出（FileDate：2017/9/13 14:33:26）
[2017/9/22 10:18:18]: 频率：《公共库》 共有0条数据需要导出（FileDate：2017/9/19 16:50:28）
[2017/9/22 10:18:18]: 频率：《音乐广播》 共有0条数据需要导出（FileDate：2017/9/13 14:33:26）
[2017/9/22 10:18:19]: 频率：《公共库》 共有0条数据需要导出（FileDate：2017/9/19 16:50:28）
[2017/9/22 10:18:19]: 频率：《音乐广播》 共有0条数据需要导出（FileDate：2017/9/13 14:33:26）
[2017/9/22 10:18:20]: 频率：《公共库》 共有0条数据需要导出（FileDate：2017/9/19 16:50:28）
[2017/9/22 10:18:20]: 频率：《音乐广播》 共有0条数据需要导出（FileDate：2017/9/13 14:33:26）
[2017/9/22 10:18:21]: 频率：《公共库》 共有0条数据需要导出（FileDate：2017/9/19 16:50:28）
[2017/9/22 10:18:21]: 频率：《音乐广播》 共有0条数据需要导出（FileDate：2017/9/13 14:33:26）
[2017/9/22 10:18:22]: 频率：《公共库》 共有0条数据需要导出（FileDate：2017/9/19 16:50:28）
[2017/9/22 10:18:22]: 频率：《音乐广播》 共有0条数据需要导出（FileDate：2017/9/13 14:33:26）
[2017/9/22 10:18:23]: 频率：《公共库》 共有0条数据需要导出（FileDate：2017/9/19 16:50:28）
[2017/9/22 10:18:23]: 频率：《音乐广播》 共有0条数据需要导出（FileDate：2017/9/13 14:33:26）
[2017/9/22 10:18:24]: 频率：《公共库》 共有0条数据需要导出（FileDate：2017/9/19 16:50:28）
[2017/9/22 10:18:24]: 频率：《音乐广播》 共有0条数据需要导出（FileDate：2017/9/13 14:33:26）
[2017/9/22 10:18:25]: 频率：《公共库》 共有0条数据需要导出（FileDate：2017/9/19 16:50:28）
[2017/9/22 10:18:25]: 频率：《音乐广播》 共有0条数据需要导出（FileDate：2017/9/13 14:33:26）
[2017/9/22 10:18:26]: 频率：《公共库》 共有0条数据需要导出（FileDate：2017/9/19 16:50:28）
[2017/9/22 10:18:26]: 频率：《音乐广播》 共有0条数据需要导出（FileDate：2017/9/13 14:33:26）
[2017/9/22 10:18:27]: 频率：《公共库》 共有0条数据需要导出（FileDate：2017/9/19 16:50:28）
[2017/9/22 10:18:27]: 频率：《音乐广播》 共有0条数据需要导出（FileDate：2017/9/13 14:33:26）
[2017/9/22 10:18:28]: 频率：《公共库》 共有0条数据需要导出（FileDate：2017/9/19 16:50:28）
[2017/9/22 10:18:28]: 频率：《音乐广播》 共有0条数据需要导出（FileDate：2017/9/13 14:33:26）
[2017/9/22 10:18:30]: 频率：《公共库》 共有0条数据需要导出（FileDate：2017/9/19 16:50:28）
[2017/9/22 10:18:30]: 频率：《音乐广播》 共有0条数据需要导出（FileDate：2017/9/13 14:33:26）
[2017/9/22 10:18:31]: 频率：《公共库》 共有0条数据需要导出（FileDate：2017/9/19 16:50:28）
[2017/9/22 10:18:31]: 频率：《音乐广播》 共有0条数据需要导出（FileDate：2017/9/13 14:33:26）
[2017/9/22 10:18:32]: 频率：《公共库》 共有0条数据需要导出（FileDate：2017/9/19 16:50:28）
[2017/9/22 10:18:32]: 频率：《音乐广播》 共有0条数据需要导出（FileDate：2017/9/13 14:33:26）
[2017/9/22 10:18:33]: 频率：《公共库》 共有0条数据需要导出（FileDate：2017/9/19 16:50:28）
[2017/9/22 10:18:33]: 频率：《音乐广播》 共有0条数据需要导出（FileDate：2017/9/13 14:33:26）
[2017/9/22 10:18:34]: 频率：《公共库》 共有0条数据需要导出（FileDate：2017/9/19 16:50:28）
[2017/9/22 10:18:34]: 频率：《音乐广播》 共有0条数据需要导出（FileDate：2017/9/13 14:33:26）
[2017/9/22 10:18:35]: 频率：《公共库》 共有0条数据需要导出（FileDate：2017/9/19 16:50:28）
[2017/9/22 10:18:35]: 频率：《音乐广播》 共有0条数据需要导出（FileDate：2017/9/13 14:33:26）
[2017/9/22 10:18:36]: 频率：《公共库》 共有0条数据需要导出（FileDate：2017/9/19 16:50:28）
[2017/9/22 10:18:36]: 频率：《音乐广播》 共有0条数据需要导出（FileDate：2017/9/13 14:33:26）
[2017/9/22 10:18:37]: 频率：《公共库》 共有0条数据需要导出（FileDate：2017/9/19 16:50:28）
[2017/9/22 10:18:37]: 频率：《音乐广播》 共有0条数据需要导出（FileDate：2017/9/13 14:33:26）
[2017/9/22 10:18:38]: 频率：《公共库》 共有0条数据需要导出（FileDate：2017/9/19 16:50:28）
[2017/9/22 10:18:38]: 频率：《音乐广播》 共有0条数据需要导出（FileDate：2017/9/13 14:33:26）
[2017/9/22 10:18:39]: 频率：《公共库》 共有0条数据需要导出（FileDate：2017/9/19 16:50:28）
[2017/9/22 10:18:39]: 频率：《音乐广播》 共有0条数据需要导出（FileDate：2017/9/13 14:33:26）
[2017/9/22 10:18:40]: 频率：《公共库》 共有0条数据需要导出（FileDate：2017/9/19 16:50:28）
[2017/9/22 10:18:40]: 频率：《音乐广播》 共有0条数据需要导出（FileDate：2017/9/13 14:33:26）
[2017/9/22 10:18:41]: 频率：《公共库》 共有0条数据需要导出（FileDate：2017/9/19 16:50:28）
[2017/9/22 10:18:41]: 频率：《音乐广播》 共有0条数据需要导出（FileDate：2017/9/13 14:33:26）
[2017/9/22 10:18:42]: 频率：《公共库》 共有0条数据需要导出（FileDate：2017/9/19 16:50:28）
[2017/9/22 10:18:42]: 频率：《音乐广播》 共有0条数据需要导出（FileDate：2017/9/13 14:33:26）
[2017/9/22 10:20:17]: 频率：《音乐广播》 共有25条数据需要导出（FileDate：1900-01-01 00:00:00）
[2017/9/22 10:20:17]: 任务获取成功，名称：乱世枭雄001  频率：音乐广播
[2017/9/22 10:20:21]: 音频下载成功！
[2017/9/22 10:20:21]: 导出成功
[2017/9/22 10:20:21]: 任务获取成功，名称：三国演义001  频率：音乐广播
[2017/9/22 10:20:25]: 音频下载成功！
[2017/9/22 10:20:25]: 导出成功
[2017/9/22 10:20:25]: 任务获取成功，名称：张信哲 - 爱你的宿命  频率：音乐广播
[2017/9/22 10:20:26]: 音频下载成功！
[2017/9/22 10:20:26]: 导出成功
[2017/9/22 10:20:26]: 任务获取成功，名称：张信哲 - 天使的眼泪.mp3  频率：音乐广播
[2017/9/22 10:20:27]: 音频下载成功！
[2017/9/22 10:20:27]: 导出成功
[2017/9/22 10:20:27]: 任务获取成功，名称：张信哲 - 说.mp3  频率：音乐广播
[2017/9/22 10:20:28]: 音频下载成功！
[2017/9/22 10:20:28]: 导出成功
[2017/9/22 10:20:28]: 任务获取成功，名称：张信哲 - 迁徙.mp3  频率：音乐广播
[2017/9/22 10:20:28]: 音频下载成功！
[2017/9/22 10:20:28]: 导出成功
[2017/9/22 10:20:29]: 任务获取成功，名称：张信哲 - 没有人知的故事.mp3  频率：音乐广播
[2017/9/22 10:20:29]: 音频下载成功！
[2017/9/22 10:20:29]: 导出成功
[2017/9/22 10:20:29]: 任务获取成功，名称：张信哲 - 不懂.mp3  频率：音乐广播
[2017/9/22 10:20:30]: 音频下载成功！
[2017/9/22 10:20:30]: 导出成功
[2017/9/22 10:20:30]: 任务获取成功，名称：张信哲 - 爱你的宿命.mp3  频率：音乐广播
[2017/9/22 10:20:31]: 音频下载成功！
[2017/9/22 10:20:31]: 导出成功
[2017/9/22 10:20:31]: 任务获取成功，名称：乱世枭雄010.mp3  频率：音乐广播
[2017/9/22 10:20:35]: 音频下载成功！
[2017/9/22 10:20:35]: 导出成功
[2017/9/22 10:20:35]: 任务获取成功，名称：乱世枭雄009.mp3  频率：音乐广播
[2017/9/22 10:20:39]: 音频下载成功！
[2017/9/22 10:20:39]: 导出成功
[2017/9/22 10:20:39]: 任务获取成功，名称：乱世枭雄008.mp3  频率：音乐广播
[2017/9/22 10:20:42]: 音频下载成功！
[2017/9/22 10:20:42]: 导出成功
[2017/9/22 10:20:43]: 任务获取成功，名称：乱世枭雄007.mp3  频率：音乐广播
[2017/9/22 10:20:46]: 音频下载成功！
[2017/9/22 10:20:46]: 导出成功
[2017/9/22 10:20:47]: 任务获取成功，名称：乱世枭雄006.mp3  频率：音乐广播
[2017/9/22 10:20:51]: 音频下载成功！
[2017/9/22 10:20:51]: 导出成功
[2017/9/22 10:20:51]: 任务获取成功，名称：乱世枭雄005.mp3  频率：音乐广播
[2017/9/22 10:20:55]: 音频下载成功！
[2017/9/22 10:20:55]: 导出成功
[2017/9/22 10:20:55]: 任务获取成功，名称：乱世枭雄004.mp3  频率：音乐广播
[2017/9/22 10:20:59]: 音频下载成功！
[2017/9/22 10:20:59]: 导出成功
[2017/9/22 10:20:59]: 任务获取成功，名称：乱世枭雄003.mp3  频率：音乐广播
[2017/9/22 10:21:03]: 音频下载成功！
[2017/9/22 10:21:03]: 导出成功
[2017/9/22 10:21:03]: 任务获取成功，名称：乱世枭雄002.mp3  频率：音乐广播
[2017/9/22 10:21:07]: 音频下载成功！
[2017/9/22 10:21:07]: 导出成功
[2017/9/22 10:21:07]: 任务获取成功，名称：天使的眼泪  频率：音乐广播
[2017/9/22 10:21:07]: 音频下载成功！
[2017/9/22 10:21:07]: 导出成功
[2017/9/22 10:21:08]: 任务获取成功，名称：说  频率：音乐广播
[2017/9/22 10:21:08]: 音频下载成功！
[2017/9/22 10:21:08]: 导出成功
[2017/9/22 10:21:09]: 任务获取成功，名称：迁徙  频率：音乐广播
[2017/9/22 10:21:09]: 音频下载成功！
[2017/9/22 10:21:09]: 导出成功
[2017/9/22 10:21:09]: 任务获取成功，名称：没有人知的故事  频率：音乐广播
[2017/9/22 10:21:10]: 音频下载成功！
[2017/9/22 10:21:10]: 导出成功
[2017/9/22 10:21:10]: 任务获取成功，名称：不懂  频率：音乐广播
[2017/9/22 10:21:11]: 音频下载成功！
[2017/9/22 10:21:11]: 导出成功
[2017/9/22 10:21:11]: 任务获取成功，名称：爱你的宿命  频率：音乐广播
[2017/9/22 10:21:12]: 音频下载成功！
[2017/9/22 10:21:12]: 导出成功
[2017/9/22 10:21:12]: 任务获取成功，名称：爱你的宿命2  频率：音乐广播
[2017/9/22 10:21:13]: 音频下载成功！
[2017/9/22 10:21:13]: 导出成功
[2017/9/22 10:21:44]: 频率：《音乐广播》 共有0条数据需要导出（FileDate：2017/9/13 14:33:26）
[2017/9/22 10:22:15]: 频率：《音乐广播》 共有0条数据需要导出（FileDate：2017/9/13 14:33:26）
[2017/9/22 10:22:34]: 频率：《公共库》 共有1902条数据需要导出（FileDate：1900-01-01 00:00:00）
[2017/9/22 10:23:05]: 频率：《音乐广播》 共有0条数据需要导出（FileDate：2017/9/13 14:33:26）
[2017/9/22 10:23:06]: 频率：《公共库》 共有0条数据需要导出（FileDate：2017/9/19 16:50:28）
[2017/9/22 10:23:06]: 频率：《音乐广播》 共有0条数据需要导出（FileDate：2017/9/13 14:33:26）
[2017/9/22 10:23:07]: 频率：《公共库》 共有0条数据需要导出（FileDate：2017/9/19 16:50:28）
[2017/9/22 10:23:07]: 频率：《音乐广播》 共有0条数据需要导出（FileDate：2017/9/13 14:33:26）
[2017/9/22 10:23:08]: 频率：《公共库》 共有0条数据需要导出（FileDate：2017/9/19 16:50:28）
[2017/9/22 10:23:08]: 频率：《音乐广播》 共有0条数据需要导出（FileDate：2017/9/13 14:33:26）
[2017/9/22 10:23:09]: 频率：《公共库》 共有0条数据需要导出（FileDate：2017/9/19 16:50:28）
[2017/9/22 10:23:09]: 频率：《音乐广播》 共有0条数据需要导出（FileDate：2017/9/13 14:33:26）
[2017/9/22 10:23:10]: 频率：《公共库》 共有0条数据需要导出（FileDate：2017/9/19 16:50:28）
[2017/9/22 10:23:10]: 频率：《音乐广播》 共有0条数据需要导出（FileDate：2017/9/13 14:33:26）
[2017/9/22 10:23:11]: 频率：《公共库》 共有0条数据需要导出（FileDate：2017/9/19 16:50:28）
[2017/9/22 10:23:11]: 频率：《音乐广播》 共有0条数据需要导出（FileDate：2017/9/13 14:33:26）
[2017/9/22 10:23:12]: 频率：《公共库》 共有0条数据需要导出（FileDate：2017/9/19 16:50:28）
[2017/9/22 10:23:12]: 频率：《音乐广播》 共有0条数据需要导出（FileDate：2017/9/13 14:33:26）
[2017/9/22 10:23:13]: 频率：《公共库》 共有0条数据需要导出（FileDate：2017/9/19 16:50:28）
[2017/9/22 10:23:13]: 频率：《音乐广播》 共有0条数据需要导出（FileDate：2017/9/13 14:33:26）
[2017/9/22 10:23:14]: 频率：《公共库》 共有0条数据需要导出（FileDate：2017/9/19 16:50:28）
[2017/9/22 10:23:14]: 频率：《音乐广播》 共有0条数据需要导出（FileDate：2017/9/13 14:33:26）
[2017/9/22 10:23:15]: 频率：《公共库》 共有0条数据需要导出（FileDate：2017/9/19 16:50:28）
[2017/9/22 10:23:15]: 频率：《音乐广播》 共有0条数据需要导出（FileDate：2017/9/13 14:33:26）
[2017/9/22 10:23:16]: 频率：《公共库》 共有0条数据需要导出（FileDate：2017/9/19 16:50:28）
[2017/9/22 10:23:16]: 频率：《音乐广播》 共有0条数据需要导出（FileDate：2017/9/13 14:33:26）
[2017/9/22 10:23:17]: 频率：《公共库》 共有0条数据需要导出（FileDate：2017/9/19 16:50:28）
[2017/9/22 10:23:17]: 频率：《音乐广播》 共有0条数据需要导出（FileDate：2017/9/13 14:33:26）
[2017/9/22 10:23:18]: 频率：《公共库》 共有0条数据需要导出（FileDate：2017/9/19 16:50:28）
[2017/9/22 10:23:18]: 频率：《音乐广播》 共有0条数据需要导出（FileDate：2017/9/13 14:33:26）
[2017/9/22 10:23:19]: 频率：《公共库》 共有0条数据需要导出（FileDate：2017/9/19 16:50:28）
[2017/9/22 10:23:19]: 频率：《音乐广播》 共有0条数据需要导出（FileDate：2017/9/13 14:33:26）
[2017/9/22 10:23:20]: 频率：《公共库》 共有0条数据需要导出（FileDate：2017/9/19 16:50:28）
[2017/9/22 10:23:20]: 频率：《音乐广播》 共有0条数据需要导出（FileDate：2017/9/13 14:33:26）
[2017/9/22 10:23:21]: 频率：《公共库》 共有0条数据需要导出（FileDate：2017/9/19 16:50:28）
[2017/9/22 10:23:21]: 频率：《音乐广播》 共有0条数据需要导出（FileDate：2017/9/13 14:33:26）
[2017/9/22 10:23:22]: 频率：《公共库》 共有0条数据需要导出（FileDate：2017/9/19 16:50:28）
[2017/9/22 10:23:22]: 频率：《音乐广播》 共有0条数据需要导出（FileDate：2017/9/13 14:33:26）
[2017/9/22 10:23:23]: 频率：《公共库》 共有0条数据需要导出（FileDate：2017/9/19 16:50:28）
[2017/9/22 10:23:23]: 频率：《音乐广播》 共有0条数据需要导出（FileDate：2017/9/13 14:33:26）
[2017/9/22 10:23:24]: 频率：《公共库》 共有0条数据需要导出（FileDate：2017/9/19 16:50:28）
[2017/9/22 10:23:24]: 频率：《音乐广播》 共有0条数据需要导出（FileDate：2017/9/13 14:33:26）
[2017/9/22 10:23:25]: 频率：《公共库》 共有0条数据需要导出（FileDate：2017/9/19 16:50:28）
[2017/9/22 10:23:25]: 频率：《音乐广播》 共有0条数据需要导出（FileDate：2017/9/13 14:33:26）
[2017/9/22 10:23:26]: 频率：《公共库》 共有0条数据需要导出（FileDate：2017/9/19 16:50:28）
[2017/9/22 10:23:26]: 频率：《音乐广播》 共有0条数据需要导出（FileDate：2017/9/13 14:33:26）
[2017/9/22 10:23:27]: 频率：《公共库》 共有0条数据需要导出（FileDate：2017/9/19 16:50:28）
[2017/9/22 10:23:27]: 频率：《音乐广播》 共有0条数据需要导出（FileDate：2017/9/13 14:33:26）
[2017/9/22 10:23:28]: 频率：《公共库》 共有0条数据需要导出（FileDate：2017/9/19 16:50:28）
[2017/9/22 10:23:28]: 频率：《音乐广播》 共有0条数据需要导出（FileDate：2017/9/13 14:33:26）
[2017/9/22 10:23:29]: 频率：《公共库》 共有0条数据需要导出（FileDate：2017/9/19 16:50:28）
[2017/9/22 10:23:29]: 频率：《音乐广播》 共有0条数据需要导出（FileDate：2017/9/13 14:33:26）
[2017/9/22 10:23:30]: 频率：《公共库》 共有0条数据需要导出（FileDate：2017/9/19 16:50:28）
[2017/9/22 10:23:30]: 频率：《音乐广播》 共有0条数据需要导出（FileDate：2017/9/13 14:33:26）
[2017/9/22 10:23:31]: 频率：《公共库》 共有0条数据需要导出（FileDate：2017/9/19 16:50:28）
[2017/9/22 10:23:31]: 频率：《音乐广播》 共有0条数据需要导出（FileDate：2017/9/13 14:33:26）
[2017/9/22 10:23:32]: 频率：《公共库》 共有0条数据需要导出（FileDate：2017/9/19 16:50:28）
[2017/9/22 10:23:32]: 频率：《音乐广播》 共有0条数据需要导出（FileDate：2017/9/13 14:33:26）
[2017/9/22 10:23:33]: 频率：《公共库》 共有0条数据需要导出（FileDate：2017/9/19 16:50:28）
[2017/9/22 10:23:33]: 频率：《音乐广播》 共有0条数据需要导出（FileDate：2017/9/13 14:33:26）
[2017/9/22 10:23:34]: 频率：《公共库》 共有0条数据需要导出（FileDate：2017/9/19 16:50:28）
[2017/9/22 10:23:34]: 频率：《音乐广播》 共有0条数据需要导出（FileDate：2017/9/13 14:33:26）
[2017/9/22 10:23:35]: 频率：《公共库》 共有0条数据需要导出（FileDate：2017/9/19 16:50:28）
[2017/9/22 10:23:35]: 频率：《音乐广播》 共有0条数据需要导出（FileDate：2017/9/13 14:33:26）
[2017/9/22 10:23:36]: 频率：《公共库》 共有0条数据需要导出（FileDate：2017/9/19 16:50:28）
[2017/9/22 10:23:36]: 频率：《音乐广播》 共有0条数据需要导出（FileDate：2017/9/13 14:33:26）
[2017/9/22 10:23:37]: 频率：《公共库》 共有0条数据需要导出（FileDate：2017/9/19 16:50:28）
[2017/9/22 10:23:37]: 频率：《音乐广播》 共有0条数据需要导出（FileDate：2017/9/13 14:33:26）
[2017/9/22 10:23:38]: 频率：《公共库》 共有0条数据需要导出（FileDate：2017/9/19 16:50:28）
[2017/9/22 10:23:38]: 频率：《音乐广播》 共有0条数据需要导出（FileDate：2017/9/13 14:33:26）
[2017/9/22 10:23:39]: 频率：《公共库》 共有0条数据需要导出（FileDate：2017/9/19 16:50:28）
[2017/9/22 10:23:39]: 频率：《音乐广播》 共有0条数据需要导出（FileDate：2017/9/13 14:33:26）
[2017/9/22 10:23:40]: 频率：《公共库》 共有0条数据需要导出（FileDate：2017/9/19 16:50:28）
[2017/9/22 10:23:40]: 频率：《音乐广播》 共有0条数据需要导出（FileDate：2017/9/13 14:33:26）
[2017/9/22 10:23:41]: 频率：《公共库》 共有0条数据需要导出（FileDate：2017/9/19 16:50:28）
[2017/9/22 10:23:41]: 频率：《音乐广播》 共有0条数据需要导出（FileDate：2017/9/13 14:33:26）
[2017/9/22 10:23:42]: 频率：《公共库》 共有0条数据需要导出（FileDate：2017/9/19 16:50:28）
[2017/9/22 10:23:42]: 频率：《音乐广播》 共有0条数据需要导出（FileDate：2017/9/13 14:33:26）
[2017/9/22 10:23:43]: 频率：《公共库》 共有0条数据需要导出（FileDate：2017/9/19 16:50:28）
[2017/9/22 10:23:43]: 频率：《音乐广播》 共有0条数据需要导出（FileDate：2017/9/13 14:33:26）
[2017/9/22 10:23:44]: 频率：《公共库》 共有0条数据需要导出（FileDate：2017/9/19 16:50:28）
[2017/9/22 10:23:44]: 频率：《音乐广播》 共有0条数据需要导出（FileDate：2017/9/13 14:33:26）
[2017/9/22 10:23:45]: 频率：《公共库》 共有0条数据需要导出（FileDate：2017/9/19 16:50:28）
[2017/9/22 10:23:45]: 频率：《音乐广播》 共有0条数据需要导出（FileDate：2017/9/13 14:33:26）
[2017/9/22 10:23:46]: 频率：《公共库》 共有0条数据需要导出（FileDate：2017/9/19 16:50:28）
[2017/9/22 10:23:46]: 频率：《音乐广播》 共有0条数据需要导出（FileDate：2017/9/13 14:33:26）
[2017/9/22 10:23:47]: 频率：《公共库》 共有0条数据需要导出（FileDate：2017/9/19 16:50:28）
[2017/9/22 10:23:47]: 频率：《音乐广播》 共有0条数据需要导出（FileDate：2017/9/13 14:33:26）
[2017/9/22 10:23:48]: 频率：《公共库》 共有0条数据需要导出（FileDate：2017/9/19 16:50:28）
[2017/9/22 10:23:48]: 频率：《音乐广播》 共有0条数据需要导出（FileDate：2017/9/13 14:33:26）
[2017/9/22 10:23:49]: 频率：《公共库》 共有0条数据需要导出（FileDate：2017/9/19 16:50:28）
[2017/9/22 10:23:49]: 频率：《音乐广播》 共有0条数据需要导出（FileDate：2017/9/13 14:33:26）
[2017/9/22 10:23:50]: 频率：《公共库》 共有0条数据需要导出（FileDate：2017/9/19 16:50:28）
[2017/9/22 10:23:50]: 频率：《音乐广播》 共有0条数据需要导出（FileDate：2017/9/13 14:33:26）
[2017/9/22 10:23:51]: 频率：《公共库》 共有0条数据需要导出（FileDate：2017/9/19 16:50:28）
[2017/9/22 10:23:51]: 频率：《音乐广播》 共有0条数据需要导出（FileDate：2017/9/13 14:33:26）
[2017/9/22 10:23:52]: 频率：《公共库》 共有0条数据需要导出（FileDate：2017/9/19 16:50:28）
[2017/9/22 10:23:52]: 频率：《音乐广播》 共有0条数据需要导出（FileDate：2017/9/13 14:33:26）
[2017/9/22 10:23:53]: 频率：《公共库》 共有0条数据需要导出（FileDate：2017/9/19 16:50:28）
[2017/9/22 10:23:53]: 频率：《音乐广播》 共有0条数据需要导出（FileDate：2017/9/13 14:33:26）
[2017/9/22 10:23:54]: 频率：《公共库》 共有0条数据需要导出（FileDate：2017/9/19 16:50:28）
[2017/9/22 10:23:54]: 频率：《音乐广播》 共有0条数据需要导出（FileDate：2017/9/13 14:33:26）
[2017/9/22 10:23:56]: 频率：《公共库》 共有0条数据需要导出（FileDate：2017/9/19 16:50:28）
[2017/9/22 10:23:56]: 频率：《音乐广播》 共有0条数据需要导出（FileDate：2017/9/13 14:33:26）
[2017/9/22 10:23:57]: 频率：《公共库》 共有0条数据需要导出（FileDate：2017/9/19 16:50:28）
[2017/9/22 10:23:57]: 频率：《音乐广播》 共有0条数据需要导出（FileDate：2017/9/13 14:33:26）
[2017/9/22 10:23:58]: 频率：《公共库》 共有0条数据需要导出（FileDate：2017/9/19 16:50:28）
[2017/9/22 10:23:58]: 频率：《音乐广播》 共有0条数据需要导出（FileDate：2017/9/13 14:33:26）
[2017/9/22 10:26:07]: 频率：《公共库》 共有1902条数据需要导出（FileDate：1900-01-01 00:00:00）
[2017/9/22 10:26:13]: 频率：《音乐广播》 共有25条数据需要导出（FileDate：1900-01-01 00:00:00）
[2017/9/22 10:26:13]: 任务获取成功，名称：乱世枭雄001  频率：音乐广播
[2017/9/22 10:26:16]: 音频下载成功！
[2017/9/22 10:27:50]: 频率：《公共库》 共有0条数据需要导出（FileDate：2017/9/19 16:50:28）
[2017/9/22 10:27:50]: 频率：《音乐广播》 共有25条数据需要导出（FileDate：1900-01-01 00:00:00）
[2017/9/22 10:27:50]: 任务获取成功，名称：乱世枭雄001  频率：音乐广播
[2017/9/22 10:27:54]: 音频下载成功！
[2017/9/22 10:28:11]: 导出成功
[2017/9/22 10:28:11]: 任务获取成功，名称：三国演义001  频率：音乐广播
[2017/9/22 10:28:15]: 音频下载成功！
[2017/9/22 10:28:15]: 导出成功
[2017/9/22 10:28:15]: 任务获取成功，名称：张信哲 - 爱你的宿命  频率：音乐广播
[2017/9/22 10:28:16]: 音频下载成功！
[2017/9/22 10:28:16]: 导出成功
[2017/9/22 10:28:16]: 任务获取成功，名称：张信哲 - 天使的眼泪.mp3  频率：音乐广播
[2017/9/22 10:28:17]: 音频下载成功！
[2017/9/22 10:28:17]: 导出成功
[2017/9/22 10:28:17]: 任务获取成功，名称：张信哲 - 说.mp3  频率：音乐广播
[2017/9/22 10:28:18]: 音频下载成功！
[2017/9/22 10:28:18]: 导出成功
[2017/9/22 10:28:18]: 任务获取成功，名称：张信哲 - 迁徙.mp3  频率：音乐广播
[2017/9/22 10:28:19]: 音频下载成功！
[2017/9/22 10:28:19]: 导出成功
[2017/9/22 10:28:19]: 任务获取成功，名称：张信哲 - 没有人知的故事.mp3  频率：音乐广播
[2017/9/22 10:28:19]: 音频下载成功！
[2017/9/22 10:28:19]: 导出成功
[2017/9/22 10:28:19]: 任务获取成功，名称：张信哲 - 不懂.mp3  频率：音乐广播
[2017/9/22 10:28:20]: 音频下载成功！
[2017/9/22 10:28:20]: 导出成功
[2017/9/22 10:28:20]: 任务获取成功，名称：张信哲 - 爱你的宿命.mp3  频率：音乐广播
[2017/9/22 10:28:21]: 音频下载成功！
[2017/9/22 10:28:21]: 导出成功
[2017/9/22 10:28:21]: 任务获取成功，名称：乱世枭雄010.mp3  频率：音乐广播
[2017/9/22 10:28:25]: 音频下载成功！
[2017/9/22 10:28:25]: 导出成功
[2017/9/22 10:28:25]: 任务获取成功，名称：乱世枭雄009.mp3  频率：音乐广播
[2017/9/22 10:28:29]: 音频下载成功！
[2017/9/22 10:28:29]: 导出成功
[2017/9/22 10:28:29]: 任务获取成功，名称：乱世枭雄008.mp3  频率：音乐广播
[2017/9/22 10:28:32]: 音频下载成功！
[2017/9/22 10:28:33]: 导出成功
[2017/9/22 10:28:33]: 任务获取成功，名称：乱世枭雄007.mp3  频率：音乐广播
[2017/9/22 10:28:36]: 音频下载成功！
[2017/9/22 10:28:36]: 导出成功
[2017/9/22 10:28:36]: 任务获取成功，名称：乱世枭雄006.mp3  频率：音乐广播
[2017/9/22 10:28:40]: 音频下载成功！
[2017/9/22 10:28:40]: 导出成功
[2017/9/22 10:28:40]: 任务获取成功，名称：乱世枭雄005.mp3  频率：音乐广播
[2017/9/22 10:28:45]: 音频下载成功！
[2017/9/22 10:28:45]: 导出成功
[2017/9/22 10:28:45]: 任务获取成功，名称：乱世枭雄004.mp3  频率：音乐广播
[2017/9/22 10:28:49]: 音频下载成功！
[2017/9/22 10:28:49]: 导出成功
[2017/9/22 10:28:49]: 任务获取成功，名称：乱世枭雄003.mp3  频率：音乐广播
[2017/9/22 10:28:53]: 音频下载成功！
[2017/9/22 10:28:53]: 导出成功
[2017/9/22 10:28:53]: 任务获取成功，名称：乱世枭雄002.mp3  频率：音乐广播
[2017/9/22 10:28:57]: 音频下载成功！
[2017/9/22 10:28:57]: 导出成功
[2017/9/22 10:28:57]: 任务获取成功，名称：天使的眼泪  频率：音乐广播
[2017/9/22 10:28:58]: 音频下载成功！
[2017/9/22 10:28:58]: 导出成功
[2017/9/22 10:28:58]: 任务获取成功，名称：说  频率：音乐广播
[2017/9/22 10:28:59]: 音频下载成功！
[2017/9/22 10:28:59]: 导出成功
[2017/9/22 10:28:59]: 任务获取成功，名称：迁徙  频率：音乐广播
[2017/9/22 10:29:00]: 音频下载成功！
[2017/9/22 10:29:00]: 导出成功
[2017/9/22 10:29:00]: 任务获取成功，名称：没有人知的故事  频率：音乐广播
[2017/9/22 10:29:01]: 音频下载成功！
[2017/9/22 10:29:01]: 导出成功
[2017/9/22 10:29:01]: 任务获取成功，名称：不懂  频率：音乐广播
[2017/9/22 10:29:02]: 音频下载成功！
[2017/9/22 10:29:02]: 导出成功
[2017/9/22 10:29:02]: 任务获取成功，名称：爱你的宿命  频率：音乐广播
[2017/9/22 10:29:03]: 音频下载成功！
[2017/9/22 10:29:03]: 导出成功
[2017/9/22 10:29:03]: 任务获取成功，名称：爱你的宿命2  频率：音乐广播
[2017/9/22 10:29:04]: 音频下载成功！
[2017/9/22 10:29:04]: 导出成功
[2017/9/22 10:29:08]: 频率：《公共库》 共有0条数据需要导出（FileDate：2017/9/19 16:50:28）
[2017/9/22 10:29:08]: 频率：《音乐广播》 共有0条数据需要导出（FileDate：2017/9/13 14:33:26）
[2017/9/22 10:29:09]: 频率：《公共库》 共有0条数据需要导出（FileDate：2017/9/19 16:50:28）
[2017/9/22 10:29:09]: 频率：《音乐广播》 共有0条数据需要导出（FileDate：2017/9/13 14:33:26）
[2017/9/22 10:29:10]: 频率：《公共库》 共有0条数据需要导出（FileDate：2017/9/19 16:50:28）
[2017/9/22 10:29:10]: 频率：《音乐广播》 共有0条数据需要导出（FileDate：2017/9/13 14:33:26）
[2017/9/22 10:29:11]: 频率：《公共库》 共有0条数据需要导出（FileDate：2017/9/19 16:50:28）
[2017/9/22 10:29:11]: 频率：《音乐广播》 共有0条数据需要导出（FileDate：2017/9/13 14:33:26）
[2017/9/22 10:29:12]: 频率：《公共库》 共有0条数据需要导出（FileDate：2017/9/19 16:50:28）
[2017/9/22 10:29:12]: 频率：《音乐广播》 共有0条数据需要导出（FileDate：2017/9/13 14:33:26）
[2017/9/22 10:29:13]: 频率：《公共库》 共有0条数据需要导出（FileDate：2017/9/19 16:50:28）
[2017/9/22 10:29:13]: 频率：《音乐广播》 共有0条数据需要导出（FileDate：2017/9/13 14:33:26）
[2017/9/22 10:29:14]: 频率：《公共库》 共有0条数据需要导出（FileDate：2017/9/19 16:50:28）
[2017/9/22 10:29:14]: 频率：《音乐广播》 共有0条数据需要导出（FileDate：2017/9/13 14:33:26）
[2017/9/22 10:29:15]: 频率：《公共库》 共有0条数据需要导出（FileDate：2017/9/19 16:50:28）
[2017/9/22 10:29:15]: 频率：《音乐广播》 共有0条数据需要导出（FileDate：2017/9/13 14:33:26）
[2017/9/22 10:29:16]: 频率：《公共库》 共有0条数据需要导出（FileDate：2017/9/19 16:50:28）
[2017/9/22 10:29:16]: 频率：《音乐广播》 共有0条数据需要导出（FileDate：2017/9/13 14:33:26）
[2017/9/22 10:29:17]: 频率：《公共库》 共有0条数据需要导出（FileDate：2017/9/19 16:50:28）
[2017/9/22 10:29:17]: 频率：《音乐广播》 共有0条数据需要导出（FileDate：2017/9/13 14:33:26）
[2017/9/22 10:29:18]: 频率：《公共库》 共有0条数据需要导出（FileDate：2017/9/19 16:50:28）
[2017/9/22 10:29:18]: 频率：《音乐广播》 共有0条数据需要导出（FileDate：2017/9/13 14:33:26）
[2017/9/22 10:29:19]: 频率：《公共库》 共有0条数据需要导出（FileDate：2017/9/19 16:50:28）
[2017/9/22 10:29:19]: 频率：《音乐广播》 共有0条数据需要导出（FileDate：2017/9/13 14:33:26）
[2017/9/22 10:29:20]: 频率：《公共库》 共有0条数据需要导出（FileDate：2017/9/19 16:50:28）
[2017/9/22 10:29:20]: 频率：《音乐广播》 共有0条数据需要导出（FileDate：2017/9/13 14:33:26）
[2017/9/22 10:29:21]: 频率：《公共库》 共有0条数据需要导出（FileDate：2017/9/19 16:50:28）
[2017/9/22 10:29:21]: 频率：《音乐广播》 共有0条数据需要导出（FileDate：2017/9/13 14:33:26）
[2017/9/22 10:29:22]: 频率：《公共库》 共有0条数据需要导出（FileDate：2017/9/19 16:50:28）
[2017/9/22 10:29:22]: 频率：《音乐广播》 共有0条数据需要导出（FileDate：2017/9/13 14:33:26）
[2017/9/22 10:29:23]: 频率：《公共库》 共有0条数据需要导出（FileDate：2017/9/19 16:50:28）
[2017/9/22 10:29:23]: 频率：《音乐广播》 共有0条数据需要导出（FileDate：2017/9/13 14:33:26）
[2017/9/22 10:29:24]: 频率：《公共库》 共有0条数据需要导出（FileDate：2017/9/19 16:50:28）
[2017/9/22 10:29:24]: 频率：《音乐广播》 共有0条数据需要导出（FileDate：2017/9/13 14:33:26）
[2017/9/22 10:29:25]: 频率：《公共库》 共有0条数据需要导出（FileDate：2017/9/19 16:50:28）
[2017/9/22 10:29:25]: 频率：《音乐广播》 共有0条数据需要导出（FileDate：2017/9/13 14:33:26）
[2017/9/22 10:29:26]: 频率：《公共库》 共有0条数据需要导出（FileDate：2017/9/19 16:50:28）
[2017/9/22 10:29:26]: 频率：《音乐广播》 共有0条数据需要导出（FileDate：2017/9/13 14:33:26）
[2017/9/22 10:29:27]: 频率：《公共库》 共有0条数据需要导出（FileDate：2017/9/19 16:50:28）
[2017/9/22 10:29:27]: 频率：《音乐广播》 共有0条数据需要导出（FileDate：2017/9/13 14:33:26）
[2017/9/22 10:29:28]: 频率：《公共库》 共有0条数据需要导出（FileDate：2017/9/19 16:50:28）
[2017/9/22 10:29:28]: 频率：《音乐广播》 共有0条数据需要导出（FileDate：2017/9/13 14:33:26）
[2017/9/22 10:29:29]: 频率：《公共库》 共有0条数据需要导出（FileDate：2017/9/19 16:50:28）
[2017/9/22 10:29:29]: 频率：《音乐广播》 共有0条数据需要导出（FileDate：2017/9/13 14:33:26）
[2017/9/22 10:29:30]: 频率：《公共库》 共有0条数据需要导出（FileDate：2017/9/19 16:50:28）
[2017/9/22 10:29:30]: 频率：《音乐广播》 共有0条数据需要导出（FileDate：2017/9/13 14:33:26）
[2017/9/22 10:29:31]: 频率：《公共库》 共有0条数据需要导出（FileDate：2017/9/19 16:50:28）
[2017/9/22 10:29:31]: 频率：《音乐广播》 共有0条数据需要导出（FileDate：2017/9/13 14:33:26）
[2017/9/22 10:29:32]: 频率：《公共库》 共有0条数据需要导出（FileDate：2017/9/19 16:50:28）
[2017/9/22 10:29:32]: 频率：《音乐广播》 共有0条数据需要导出（FileDate：2017/9/13 14:33:26）
[2017/9/22 10:29:33]: 频率：《公共库》 共有0条数据需要导出（FileDate：2017/9/19 16:50:28）
[2017/9/22 10:29:33]: 频率：《音乐广播》 共有0条数据需要导出（FileDate：2017/9/13 14:33:26）
[2017/9/22 10:29:34]: 频率：《公共库》 共有0条数据需要导出（FileDate：2017/9/19 16:50:28）
[2017/9/22 10:29:35]: 频率：《音乐广播》 共有0条数据需要导出（FileDate：2017/9/13 14:33:26）
[2017/9/22 10:29:36]: 频率：《公共库》 共有0条数据需要导出（FileDate：2017/9/19 16:50:28）
[2017/9/22 10:29:36]: 频率：《音乐广播》 共有0条数据需要导出（FileDate：2017/9/13 14:33:26）
[2017/9/22 10:29:37]: 频率：《公共库》 共有0条数据需要导出（FileDate：2017/9/19 16:50:28）
[2017/9/22 10:29:37]: 频率：《音乐广播》 共有0条数据需要导出（FileDate：2017/9/13 14:33:26）
[2017/9/22 10:29:38]: 频率：《公共库》 共有0条数据需要导出（FileDate：2017/9/19 16:50:28）
[2017/9/22 10:29:38]: 频率：《音乐广播》 共有0条数据需要导出（FileDate：2017/9/13 14:33:26）
[2017/9/22 10:29:39]: 频率：《公共库》 共有0条数据需要导出（FileDate：2017/9/19 16:50:28）
[2017/9/22 10:29:39]: 频率：《音乐广播》 共有0条数据需要导出（FileDate：2017/9/13 14:33:26）
[2017/9/22 10:29:40]: 频率：《公共库》 共有0条数据需要导出（FileDate：2017/9/19 16:50:28）
[2017/9/22 10:29:40]: 频率：《音乐广播》 共有0条数据需要导出（FileDate：2017/9/13 14:33:26）
[2017/9/22 10:29:41]: 频率：《公共库》 共有0条数据需要导出（FileDate：2017/9/19 16:50:28）
[2017/9/22 10:29:41]: 频率：《音乐广播》 共有0条数据需要导出（FileDate：2017/9/13 14:33:26）
[2017/9/22 10:29:42]: 频率：《公共库》 共有0条数据需要导出（FileDate：2017/9/19 16:50:28）
[2017/9/22 10:29:42]: 频率：《音乐广播》 共有0条数据需要导出（FileDate：2017/9/13 14:33:26）
[2017/9/22 10:29:43]: 频率：《公共库》 共有0条数据需要导出（FileDate：2017/9/19 16:50:28）
[2017/9/22 10:29:43]: 频率：《音乐广播》 共有0条数据需要导出（FileDate：2017/9/13 14:33:26）
[2017/9/22 10:29:44]: 频率：《公共库》 共有0条数据需要导出（FileDate：2017/9/19 16:50:28）
[2017/9/22 10:29:44]: 频率：《音乐广播》 共有0条数据需要导出（FileDate：2017/9/13 14:33:26）
[2017/9/22 10:29:45]: 频率：《公共库》 共有0条数据需要导出（FileDate：2017/9/19 16:50:28）
[2017/9/22 10:29:45]: 频率：《音乐广播》 共有0条数据需要导出（FileDate：2017/9/13 14:33:26）
[2017/9/22 10:29:46]: 频率：《公共库》 共有0条数据需要导出（FileDate：2017/9/19 16:50:28）
[2017/9/22 10:29:46]: 频率：《音乐广播》 共有0条数据需要导出（FileDate：2017/9/13 14:33:26）
[2017/9/22 10:29:47]: 频率：《公共库》 共有0条数据需要导出（FileDate：2017/9/19 16:50:28）
[2017/9/22 10:29:47]: 频率：《音乐广播》 共有0条数据需要导出（FileDate：2017/9/13 14:33:26）
[2017/9/22 10:29:48]: 频率：《公共库》 共有0条数据需要导出（FileDate：2017/9/19 16:50:28）
[2017/9/22 10:29:48]: 频率：《音乐广播》 共有0条数据需要导出（FileDate：2017/9/13 14:33:26）
[2017/9/22 10:29:49]: 频率：《公共库》 共有0条数据需要导出（FileDate：2017/9/19 16:50:28）
[2017/9/22 10:29:49]: 频率：《音乐广播》 共有0条数据需要导出（FileDate：2017/9/13 14:33:26）
[2017/9/22 10:29:50]: 频率：《公共库》 共有0条数据需要导出（FileDate：2017/9/19 16:50:28）
[2017/9/22 10:29:50]: 频率：《音乐广播》 共有0条数据需要导出（FileDate：2017/9/13 14:33:26）
[2017/9/22 10:29:51]: 频率：《公共库》 共有0条数据需要导出（FileDate：2017/9/19 16:50:28）
[2017/9/22 10:29:51]: 频率：《音乐广播》 共有0条数据需要导出（FileDate：2017/9/13 14:33:26）
[2017/9/22 10:29:52]: 频率：《公共库》 共有0条数据需要导出（FileDate：2017/9/19 16:50:28）
[2017/9/22 10:29:52]: 频率：《音乐广播》 共有0条数据需要导出（FileDate：2017/9/13 14:33:26）
[2017/9/22 10:29:53]: 频率：《公共库》 共有0条数据需要导出（FileDate：2017/9/19 16:50:28）
[2017/9/22 10:29:53]: 频率：《音乐广播》 共有0条数据需要导出（FileDate：2017/9/13 14:33:26）
[2017/9/22 10:29:54]: 频率：《公共库》 共有0条数据需要导出（FileDate：2017/9/19 16:50:28）
[2017/9/22 10:29:54]: 频率：《音乐广播》 共有0条数据需要导出（FileDate：2017/9/13 14:33:26）
[2017/9/22 10:29:55]: 频率：《公共库》 共有0条数据需要导出（FileDate：2017/9/19 16:50:28）
[2017/9/22 10:29:55]: 频率：《音乐广播》 共有0条数据需要导出（FileDate：2017/9/13 14:33:26）
[2017/9/22 10:29:56]: 频率：《公共库》 共有0条数据需要导出（FileDate：2017/9/19 16:50:28）
[2017/9/22 10:29:56]: 频率：《音乐广播》 共有0条数据需要导出（FileDate：2017/9/13 14:33:26）
[2017/9/22 10:29:57]: 频率：《公共库》 共有0条数据需要导出（FileDate：2017/9/19 16:50:28）
[2017/9/22 10:29:57]: 频率：《音乐广播》 共有0条数据需要导出（FileDate：2017/9/13 14:33:26）
[2017/9/22 10:29:58]: 频率：《公共库》 共有0条数据需要导出（FileDate：2017/9/19 16:50:28）
[2017/9/22 10:29:58]: 频率：《音乐广播》 共有0条数据需要导出（FileDate：2017/9/13 14:33:26）
[2017/9/22 10:29:59]: 频率：《公共库》 共有0条数据需要导出（FileDate：2017/9/19 16:50:28）
[2017/9/22 10:29:59]: 频率：《音乐广播》 共有0条数据需要导出（FileDate：2017/9/13 14:33:26）
[2017/9/22 10:30:00]: 频率：《公共库》 共有0条数据需要导出（FileDate：2017/9/19 16:50:28）
[2017/9/22 10:30:00]: 频率：《音乐广播》 共有0条数据需要导出（FileDate：2017/9/13 14:33:26）
